<?xml version="1.0" encoding="UTF-8"?>
<robot generator="Robot 6.0.1 (Python 3.11.0 on win32)" generated="20221121 00:12:05.020" rpa="false" schemaversion="3">
<suite id="s1" name="WebDemoSearch2" source="D:\Projects\WebDemo\MyOwnTests\Tests\WebDemoSearch2.robot">
<test id="s1-t1" name="Valid username and password." line="13">
<kw name="Start TestCase" library="OpenCloseBrowser" type="SETUP">
<kw name="Open Browser" library="SeleniumLibrary">
<arg>http://localhost:7272/</arg>
<arg>chrome</arg>
<doc>Opens a new browser instance to the optional ``url``.</doc>
<msg timestamp="20221121 00:12:05.139" level="INFO">Opening browser 'chrome' to base url 'http://localhost:7272/'.</msg>
<msg timestamp="20221121 00:12:11.041" level="INFO" html="true">&lt;/td&gt;&lt;/tr&gt;&lt;tr&gt;&lt;td colspan="3"&gt;&lt;a href="selenium-screenshot-14.png"&gt;&lt;img src="selenium-screenshot-14.png" width="800px"&gt;&lt;/a&gt;</msg>
<msg timestamp="20221121 00:12:11.041" level="FAIL">WebDriverException: Message: unknown error: net::ERR_CONNECTION_REFUSED
  (Session info: chrome=107.0.5304.88)
Stacktrace:
Backtrace:
	Ordinal0 [0x00F3ACD3+2075859]
	Ordinal0 [0x00ECEE61+1633889]
	Ordinal0 [0x00DCB7BD+571325]
	Ordinal0 [0x00DC7CD2+556242]
	Ordinal0 [0x00DBEC5D+519261]
	Ordinal0 [0x00DBFAEC+522988]
	Ordinal0 [0x00DBEF27+519975]
	Ordinal0 [0x00DBE2EB+516843]
	Ordinal0 [0x00DBE231+516657]
	Ordinal0 [0x00DBD0A3+512163]
	Ordinal0 [0x00DBD5AD+513453]
	Ordinal0 [0x00DCD0CE+577742]
	Ordinal0 [0x00E2BC7D+965757]
	Ordinal0 [0x00E1731C+881436]
	Ordinal0 [0x00E2B56A+963946]
	Ordinal0 [0x00E17136+880950]
	Ordinal0 [0x00DEFEFD+720637]
	Ordinal0 [0x00DF0F3F+724799]
	GetHandleVerifier [0x011EEED2+2769538]
	GetHandleVerifier [0x011E0D95+2711877]
	GetHandleVerifier [0x00FCA03A+521194]
	GetHandleVerifier [0x00FC8DA0+516432]
	Ordinal0 [0x00ED682C+1665068]
	Ordinal0 [0x00EDB128+1683752]
	Ordinal0 [0x00EDB215+1683989]
	Ordinal0 [0x00EE6484+1729668]
	BaseThreadInitThunk [0x7623FA29+25]
	RtlGetAppContainerNamedObjectPath [0x773F7BBE+286]
	RtlGetAppContainerNamedObjectPath [0x773F7B8E+238]
</msg>
<status status="FAIL" starttime="20221121 00:12:05.138" endtime="20221121 00:12:11.042"/>
</kw>
<kw name="Maximize Browser Window" library="SeleniumLibrary">
<doc>Maximizes current browser window.</doc>
<status status="NOT RUN" starttime="20221121 00:12:11.042" endtime="20221121 00:12:11.042"/>
</kw>
<status status="FAIL" starttime="20221121 00:12:05.138" endtime="20221121 00:12:11.043"/>
</kw>
<kw name="Finish TestCase" library="OpenCloseBrowser" type="TEARDOWN">
<kw name="Close Browser" library="SeleniumLibrary">
<doc>Closes the current browser.</doc>
<status status="PASS" starttime="20221121 00:12:11.044" endtime="20221121 00:12:13.111"/>
</kw>
<status status="PASS" starttime="20221121 00:12:11.044" endtime="20221121 00:12:13.111"/>
</kw>
<doc>Valid username and password</doc>
<tag>Functional</tag>
<status status="FAIL" starttime="20221121 00:12:05.138" endtime="20221121 00:12:13.112">Setup failed:
WebDriverException: Message: unknown error: net::ERR_CONNECTION_REFUSED
  (Session info: chrome=107.0.5304.88)
Stacktrace:
Backtrace:
	Ordinal0 [0x00F3ACD3+2075859]
	Ordinal0 [0x00ECEE61+1633889]
	Ordinal0 [0x00DCB7BD+571325]
	Ordinal0 [0x00DC7CD2+556242]
	Ordinal0 [0x00DBEC5D+519261]
	Ordinal0 [0x00DBFAEC+522988]
	Ordinal0 [0x00DBEF27+519975]
	Ordinal0 [0x00DBE2EB+516843]
	Ordinal0 [0x00DBE231+516657]
	Ordinal0 [0x00DBD0A3+512163]
	Ordinal0 [0x00DBD5AD+513453]
	Ordinal0 [0x00DCD0CE+577742]
	Ordinal0 [0x00E2BC7D+965757]
	Ordinal0 [0x00E1731C+881436]
	Ordinal0 [0x00E2B56A+963946]
	Ordinal0 [0x00E17136+880950]
	Ordinal0 [0x00DEFEFD+720637]
	Ordinal0 [0x00DF0F3F+724799]
	GetHandleVerifier [0x011EEED2+2769538]
	GetHandleVerifier [0x011E0D95+2711877]
	GetHandleVerifier [0x00FCA03A+521194]
	GetHandleVerifier [0x00FC8DA0+516432]
	Ordinal0 [0x00ED682C+1665068]
	Ordinal0 [0x00EDB128+1683752]
	Ordinal0 [0x00EDB215+1683989]
	Ordinal0 [0x00EE6484+1729668]
	BaseThreadInitThunk [0x7623FA29+25]
	RtlGetAppContainerNamedObjectPath [0x773F7BBE+286]
	RtlGetAppContainerNamedObjectPath [0x773F7B8E+238]
</status>
</test>
<doc>WebDemoTests</doc>
<status status="FAIL" starttime="20221121 00:12:05.021" endtime="20221121 00:12:13.116"/>
</suite>
<statistics>
<total>
<stat pass="0" fail="1" skip="0">All Tests</stat>
</total>
<tag>
<stat pass="0" fail="1" skip="0">Functional</stat>
</tag>
<suite>
<stat pass="0" fail="1" skip="0" id="s1" name="WebDemoSearch2">WebDemoSearch2</stat>
</suite>
</statistics>
<errors>
</errors>
</robot>
